<?xml version="1.0" encoding="UTF-8"?>
<!-- Generated by org.testng.reporters.JUnitReportReporter -->
<testsuite skipped="0" hostname="DESKTOP-1DS7QDU" name="date_Time.DatePicker2" tests="1" failures="0" timestamp="28 Feb 2017 09:55:28 GMT" time="9.677" errors="0">
  <testcase name="Test" time="9.677" classname="date_Time.DatePicker2"/>
</testsuite> <!-- date_Time.DatePicker2 -->
