<?xml version="1.0" encoding="UTF-8"?>
<!-- Generated by org.testng.reporters.JUnitReportReporter -->
<testsuite skipped="0" hostname="DESKTOP-1DS7QDU" name="date_Time.DateTimePicker" tests="1" failures="0" timestamp="28 Feb 2017 09:36:57 GMT" time="11.499" errors="0">
  <testcase name="dateTimePicker" time="11.499" classname="date_Time.DateTimePicker"/>
</testsuite> <!-- date_Time.DateTimePicker -->
