<?xml version="1.0" encoding="UTF-8"?>
<!-- Generated by org.testng.reporters.JUnitReportReporter -->
<testsuite skipped="0" hostname="VIKRANT" name="Repoter.ReporterAndLog" tests="1" failures="0" timestamp="13 Sep 2017 10:49:07 GMT" time="26.569" errors="0">
  <testcase name="test" time="26.569" classname="Repoter.ReporterAndLog"/>
</testsuite> <!-- Repoter.ReporterAndLog -->
