<?xml version="1.0" encoding="UTF-8"?>
<!-- Generated by org.testng.reporters.JUnitReportReporter -->
<testsuite skipped="0" hostname="DESKTOP-1DS7QDU" name="Multiple_Test.Skipping_Test_Case" tests="3" failures="0" timestamp="12 Apr 2017 07:04:18 GMT" time="0.013" errors="0">
  <testcase name="One" time="0.009" classname="Multiple_Test.Skipping_Test_Case"/>
  <testcase name="Two" time="0.002" classname="Multiple_Test.Skipping_Test_Case"/>
  <testcase name="Four" time="0.002" classname="Multiple_Test.Skipping_Test_Case"/>
</testsuite> <!-- Multiple_Test.Skipping_Test_Case -->
