<?xml version="1.0" encoding="UTF-8"?>
<!-- Generated by org.testng.reporters.JUnitReportReporter -->
<testsuite skipped="0" hostname="VIKRANT" name="asset_example.Assert_TestNG" tests="1" failures="0" timestamp="13 Sep 2017 10:59:17 GMT" time="28.814" errors="0">
  <testcase name="tests" time="28.814" classname="asset_example.Assert_TestNG"/>
</testsuite> <!-- asset_example.Assert_TestNG -->
