<?xml version="1.0" encoding="UTF-8"?>
<!-- Generated by org.testng.reporters.JUnitReportReporter -->
<testsuite skipped="0" hostname="DESKTOP-1DS7QDU" name="Multiple_Test.priority" tests="4" failures="0" timestamp="18 May 2017 05:32:40 GMT" time="0.023" errors="0">
  <testcase name="One" time="0.011" classname="Multiple_Test.priority"/>
  <testcase name="Four" time="0.002" classname="Multiple_Test.priority"/>
  <testcase name="Two" time="0.001" classname="Multiple_Test.priority"/>
  <testcase name="Three" time="0.009" classname="Multiple_Test.priority"/>
</testsuite> <!-- Multiple_Test.priority -->
