<?xml version="1.0" encoding="UTF-8"?>
<!-- Generated by org.testng.reporters.JUnitReportReporter -->
<testsuite skipped="0" hostname="DESKTOP-1DS7QDU" name="Multiple_Test.multipleTest" tests="4" failures="0" timestamp="18 May 2017 05:33:46 GMT" time="0.021" errors="0">
  <testcase name="Three" time="0.002" classname="Multiple_Test.multipleTest"/>
  <testcase name="Four" time="0.009" classname="Multiple_Test.multipleTest"/>
  <testcase name="Two" time="0.004" classname="Multiple_Test.multipleTest"/>
  <testcase name="One" time="0.006" classname="Multiple_Test.multipleTest"/>
</testsuite> <!-- Multiple_Test.multipleTest -->
