<?xml version="1.0" encoding="UTF-8"?>
<!-- Generated by org.testng.reporters.JUnitReportReporter -->
<testsuite skipped="0" hostname="DESKTOP-1DS7QDU" name="testng_group.dependent" tests="3" failures="0" timestamp="18 May 2017 05:36:42 GMT" time="0.023" errors="0">
  <testcase name="SignIn" time="0.003" classname="testng_group.dependent"/>
  <testcase name="OpenBrowser" time="0.017" classname="testng_group.dependent"/>
  <testcase name="LogOut" time="0.003" classname="testng_group.dependent"/>
</testsuite> <!-- testng_group.dependent -->
